Epoch:	20	C:	2	Learning Rate:	0.01	Accuracy:	0.506
Epoch:	20	C:	2	Learning Rate:	0.1	Accuracy:	0.502
Epoch:	20	C:	2	Learning Rate:	0.001	Accuracy:	0.515
Epoch:	20	C:	0.5	Learning Rate:	0.01	Accuracy:	0.577
Epoch:	20	C:	0.5	Learning Rate:	0.1	Accuracy:	0.52
Epoch:	20	C:	0.5	Learning Rate:	0.001	Accuracy:	0.507
Epoch:	20	C:	0.25	Learning Rate:	0.01	Accuracy:	0.501
Epoch:	20	C:	0.25	Learning Rate:	0.1	Accuracy:	0.545
Epoch:	20	C:	0.25	Learning Rate:	0.001	Accuracy:	0.549
Epoch:	20	C:	0.125	Learning Rate:	0.01	Accuracy:	0.529
Epoch:	20	C:	0.125	Learning Rate:	0.1	Accuracy:	0.55
Epoch:	20	C:	0.125	Learning Rate:	0.001	Accuracy:	0.512
Epoch:	20	C:	0.0625	Learning Rate:	0.01	Accuracy:	0.553
Epoch:	20	C:	0.0625	Learning Rate:	0.1	Accuracy:	0.534
Epoch:	20	C:	0.0625	Learning Rate:	0.001	Accuracy:	0.55
Epoch:	20	C:	0.03125	Learning Rate:	0.01	Accuracy:	0.55
Epoch:	20	C:	0.03125	Learning Rate:	0.1	Accuracy:	0.545
Epoch:	20	C:	0.03125	Learning Rate:	0.001	Accuracy:	0.527

Best C:	0.5	Best rate:	0.01

Training Accuracy:
Mistakes:	664
Example Count:	2000
Accuracy:	0.668
Precision:	0.759
Recall: 	0.492
F1 Score:	0.597

Test Accuracy:
Mistakes:	198
Example Count:	400
Accuracy:	0.505
Precision:	0.499
Recall: 	0.919
F1 Score:	0.647
