
N: 5
Training Accuracy:
Mistakes:	1031
Example Count:	2000
Accuracy:	0.485
Precision:	0.487
Recall: 	0.57
F1 Score:	0.525

Test Accuracy:
Mistakes:	304
Example Count:	600
Accuracy:	0.493
Precision:	0.494
Recall: 	0.597
F1 Score:	0.541

N: 15
Training Accuracy:
Mistakes:	1021
Example Count:	2000
Accuracy:	0.49
Precision:	0.473
Recall: 	0.187
F1 Score:	0.268

Test Accuracy:
Mistakes:	297
Example Count:	600
Accuracy:	0.505
Precision:	0.513
Recall: 	0.2
F1 Score:	0.288

N: 60
Training Accuracy:
Mistakes:	994
Example Count:	2000
Accuracy:	0.503
Precision:	0.512
Recall: 	0.123
F1 Score:	0.198

Test Accuracy:
Mistakes:	313
Example Count:	600
Accuracy:	0.478
Precision:	0.406
Recall: 	0.093
F1 Score:	0.151
